[INFO] Scanning for projects...
[INFO] 
[INFO] -------------------< com.ram:hostel-management-api >--------------------
[INFO] Building Hostel Management API 0.0.1-SNAPSHOT
[INFO]   from pom.xml
[INFO] --------------------------------[ jar ]---------------------------------
[INFO] 
[INFO] >>> spring-boot:4.0.6:run (default-cli) > test-compile @ hostel-management-api >>>
[INFO] 
[INFO] --- kotlin:2.3.10:kapt (default-kapt) @ hostel-management-api ---
[INFO] No sources to compile
[INFO] 
[INFO] --- resources:3.3.1:resources (default-resources) @ hostel-management-api ---
[INFO] Copying 2 resources from src\main\resources to target\classes
[INFO] Copying 0 resource from src\main\resources to target\classes
[INFO] 
[INFO] --- kotlin:2.3.10:compile (default-compile) @ hostel-management-api ---
[INFO] No sources to compile
[INFO] 
[INFO] --- kotlin:2.3.10:compile (compile) @ hostel-management-api ---
[INFO] No sources to compile
[INFO] 
[INFO] --- compiler:3.14.1:compile (compile) @ hostel-management-api ---
[INFO] Nothing to compile - all classes are up to date.
[INFO] 
[INFO] --- kotlin:2.3.10:test-kapt (default-test-kapt) @ hostel-management-api ---
[INFO] No sources to compile
[INFO] 
[INFO] --- resources:3.3.1:testResources (default-testResources) @ hostel-management-api ---
[INFO] skip non existing resourceDirectory C:\fullstack-learning-project\backend\src\test\resources
[INFO] 
[INFO] --- kotlin:2.3.10:test-compile (default-test-compile) @ hostel-management-api ---
[INFO] No sources to compile
[INFO] 
[INFO] --- kotlin:2.3.10:test-compile (test-compile) @ hostel-management-api ---
[INFO] No sources to compile
[INFO] 
[INFO] --- compiler:3.14.1:testCompile (testCompile) @ hostel-management-api ---
[INFO] Nothing to compile - all classes are up to date.
[INFO] 
[INFO] <<< spring-boot:4.0.6:run (default-cli) < test-compile @ hostel-management-api <<<
[INFO] 
[INFO] 
[INFO] --- spring-boot:4.0.6:run (default-cli) @ hostel-management-api ---
[INFO] Attaching agents: []

  .   ____          _            __ _ _
 /\\ / ___'_ __ _ _(_)_ __  __ _ \ \ \ \
( ( )\___ | '_ | '_| | '_ \/ _` | \ \ \ \
 \\/  ___)| |_)| | | | | || (_| |  ) ) ) )
  '  |____| .__|_| |_|_| |_\__, | / / / /
 =========|_|==============|___/=/_/_/_/

 :: Spring Boot ::                (v4.0.6)

2026-07-11T18:36:28.503+05:30  INFO 13276 --- [  restartedMain] com.Ram.backend.BackendApplication       : Starting BackendApplication using Java 21.0.10 with PID 13276 (C:\fullstack-learning-project\backend\target\classes started by admin in C:\fullstack-learning-project\backend)
2026-07-11T18:36:28.508+05:30  INFO 13276 --- [  restartedMain] com.Ram.backend.BackendApplication       : No active profile set, falling back to 1 default profile: "default"
2026-07-11T18:36:28.573+05:30  INFO 13276 --- [  restartedMain] .e.DevToolsPropertyDefaultsPostProcessor : Devtools property defaults active! Set 'spring.devtools.add-properties' to 'false' to disable
2026-07-11T18:36:28.573+05:30  INFO 13276 --- [  restartedMain] .e.DevToolsPropertyDefaultsPostProcessor : For additional web related logging consider setting the 'logging.level.web' property to 'DEBUG'
2026-07-11T18:36:29.408+05:30  INFO 13276 --- [  restartedMain] .s.d.r.c.RepositoryConfigurationDelegate : Bootstrapping Spring Data JPA repositories in DEFAULT mode.
2026-07-11T18:36:29.477+05:30  INFO 13276 --- [  restartedMain] .s.d.r.c.RepositoryConfigurationDelegate : Finished Spring Data repository scanning in 57 ms. Found 1 JPA repository interface.
2026-07-11T18:36:30.125+05:30  INFO 13276 --- [  restartedMain] o.s.boot.tomcat.TomcatWebServer          : Tomcat initialized with port 8080 (http)
2026-07-11T18:36:30.140+05:30  INFO 13276 --- [  restartedMain] o.apache.catalina.core.StandardService   : Starting service [Tomcat]
2026-07-11T18:36:30.141+05:30  INFO 13276 --- [  restartedMain] o.apache.catalina.core.StandardEngine    : Starting Servlet engine: [Apache Tomcat/11.0.21]
2026-07-11T18:36:30.201+05:30  INFO 13276 --- [  restartedMain] b.w.c.s.WebApplicationContextInitializer : Root WebApplicationContext: initialization completed in 1627 ms
2026-07-11T18:36:30.399+05:30  INFO 13276 --- [  restartedMain] org.hibernate.orm.jpa                    : HHH008540: Processing PersistenceUnitInfo [name: default]
2026-07-11T18:36:30.467+05:30  INFO 13276 --- [  restartedMain] org.hibernate.orm.core                   : HHH000001: Hibernate ORM core version 7.2.12.Final
2026-07-11T18:36:31.036+05:30  INFO 13276 --- [  restartedMain] o.s.o.j.p.SpringPersistenceUnitInfo      : No LoadTimeWeaver setup: ignoring JPA class transformer
2026-07-11T18:36:31.073+05:30  INFO 13276 --- [  restartedMain] com.zaxxer.hikari.HikariDataSource       : HikariPool-1 - Starting...
2026-07-11T18:36:31.270+05:30  INFO 13276 --- [  restartedMain] com.zaxxer.hikari.pool.HikariPool        : HikariPool-1 - Added connection com.mysql.cj.jdbc.ConnectionImpl@6122ad2a
2026-07-11T18:36:31.272+05:30  INFO 13276 --- [  restartedMain] com.zaxxer.hikari.HikariDataSource       : HikariPool-1 - Start completed.
2026-07-11T18:36:31.317+05:30  WARN 13276 --- [  restartedMain] org.hibernate.orm.core                   : HHH000511: The 5.5.5 version for [org.hibernate.dialect.MariaDBDialect] is no longer supported, hence certain features may not work properly.The minimum supported version is 10.6.0. Check the community dialects project for available legacy versions.
2026-07-11T18:36:31.321+05:30  WARN 13276 --- [  restartedMain] org.hibernate.orm.deprecation            : HHH90000025: MariaDBDialect does not need to be specified explicitly using 'hibernate.dialect' (remove the property setting and it will be selected by default)
2026-07-11T18:36:31.342+05:30  INFO 13276 --- [  restartedMain] org.hibernate.orm.connections.pooling    : HHH10001005: Database info:
	Database JDBC URL [jdbc:mysql://127.0.0.1:3306/hostel_erp?createDatabaseIfNotExist=true]
	Database driver: MySQL Connector/J
	Database dialect: MariaDBDialect
	Database version: 5.5.5
	Default catalog/schema: hostel_erp/undefined
	Autocommit mode: undefined/unknown
	Isolation level: REPEATABLE_READ [default REPEATABLE_READ]
	JDBC fetch size: none
	Pool: DataSourceConnectionProvider
	Minimum pool size: undefined/unknown
	Maximum pool size: undefined/unknown
2026-07-11T18:36:32.274+05:30  INFO 13276 --- [  restartedMain] org.hibernate.orm.core                   : HHH000489: No JTA platform available (set 'hibernate.transaction.jta.platform' to enable JTA platform integration)
2026-07-11T18:36:32.368+05:30  INFO 13276 --- [  restartedMain] j.LocalContainerEntityManagerFactoryBean : Initialized JPA EntityManagerFactory for persistence unit 'default'
2026-07-11T18:36:32.463+05:30  INFO 13276 --- [  restartedMain] o.s.d.j.r.query.QueryEnhancerFactories   : Hibernate is in classpath; If applicable, HQL parser will be used.
2026-07-11T18:36:32.604+05:30  WARN 13276 --- [  restartedMain] JpaBaseConfiguration$JpaWebConfiguration : spring.jpa.open-in-view is enabled by default. Therefore, database queries may be performed during view rendering. Explicitly configure spring.jpa.open-in-view to disable this warning
2026-07-11T18:36:32.997+05:30  INFO 13276 --- [  restartedMain] o.s.boot.tomcat.TomcatWebServer          : Tomcat started on port 8080 (http) with context path '/'
2026-07-11T18:36:33.003+05:30  INFO 13276 --- [  restartedMain] com.Ram.backend.BackendApplication       : Started BackendApplication in 5.088 seconds (process running for 5.916)
Hibernate: select count(*) from users u1_0
2026-07-11T18:36:51.390+05:30  INFO 13276 --- [nio-8080-exec-1] o.a.c.c.C.[Tomcat].[localhost].[/]       : Initializing Spring DispatcherServlet 'dispatcherServlet'
2026-07-11T18:36:51.391+05:30  INFO 13276 --- [nio-8080-exec-1] o.s.web.servlet.DispatcherServlet        : Initializing Servlet 'dispatcherServlet'
2026-07-11T18:36:51.392+05:30  INFO 13276 --- [nio-8080-exec-1] o.s.web.servlet.DispatcherServlet        : Completed initialization in 1 ms
2026-07-11T18:36:51.570+05:30  WARN 13276 --- [nio-8080-exec-1] .m.m.a.ExceptionHandlerExceptionResolver : Resolved [org.springframework.http.converter.HttpMessageNotReadableException: JSON parse error: Unexpected character ('\' (code 92)): was expecting double-quote to start property name]
Hibernate: insert into users (created_at,email,full_name,is_active,password,phone_number) values (?,?,?,?,?,?)
Hibernate: select u1_0.id,u1_0.created_at,u1_0.email,u1_0.full_name,u1_0.is_active,u1_0.password,u1_0.phone_number from users u1_0
Hibernate: select u1_0.id,u1_0.created_at,u1_0.email,u1_0.full_name,u1_0.is_active,u1_0.password,u1_0.phone_number from users u1_0
Hibernate: select u1_0.id,u1_0.created_at,u1_0.email,u1_0.full_name,u1_0.is_active,u1_0.password,u1_0.phone_number from users u1_0
Hibernate: select u1_0.id,u1_0.created_at,u1_0.email,u1_0.full_name,u1_0.is_active,u1_0.password,u1_0.phone_number from users u1_0
Hibernate: select u1_0.id,u1_0.created_at,u1_0.email,u1_0.full_name,u1_0.is_active,u1_0.password,u1_0.phone_number from users u1_0
Hibernate: select u1_0.id,u1_0.created_at,u1_0.email,u1_0.full_name,u1_0.is_active,u1_0.password,u1_0.phone_number from users u1_0
Hibernate: select u1_0.id,u1_0.created_at,u1_0.email,u1_0.full_name,u1_0.is_active,u1_0.password,u1_0.phone_number from users u1_0
Hibernate: select u1_0.id,u1_0.created_at,u1_0.email,u1_0.full_name,u1_0.is_active,u1_0.password,u1_0.phone_number from users u1_0
Hibernate: select u1_0.id,u1_0.created_at,u1_0.email,u1_0.full_name,u1_0.is_active,u1_0.password,u1_0.phone_number from users u1_0
Hibernate: select u1_0.id,u1_0.created_at,u1_0.email,u1_0.full_name,u1_0.is_active,u1_0.password,u1_0.phone_number from users u1_0
Hibernate: select u1_0.id,u1_0.created_at,u1_0.email,u1_0.full_name,u1_0.is_active,u1_0.password,u1_0.phone_number from users u1_0
Hibernate: select u1_0.id,u1_0.created_at,u1_0.email,u1_0.full_name,u1_0.is_active,u1_0.password,u1_0.phone_number from users u1_0
Hibernate: select u1_0.id,u1_0.created_at,u1_0.email,u1_0.full_name,u1_0.is_active,u1_0.password,u1_0.phone_number from users u1_0
Hibernate: select u1_0.id,u1_0.created_at,u1_0.email,u1_0.full_name,u1_0.is_active,u1_0.password,u1_0.phone_number from users u1_0
Hibernate: select u1_0.id,u1_0.created_at,u1_0.email,u1_0.full_name,u1_0.is_active,u1_0.password,u1_0.phone_number from users u1_0
Hibernate: select u1_0.id,u1_0.created_at,u1_0.email,u1_0.full_name,u1_0.is_active,u1_0.password,u1_0.phone_number from users u1_0
Hibernate: select u1_0.id,u1_0.created_at,u1_0.email,u1_0.full_name,u1_0.is_active,u1_0.password,u1_0.phone_number from users u1_0
Hibernate: select u1_0.id,u1_0.created_at,u1_0.email,u1_0.full_name,u1_0.is_active,u1_0.password,u1_0.phone_number from users u1_0
2026-07-11T18:51:01.798+05:30  INFO 13276 --- [   File Watcher] rtingClassPathChangeChangedEventListener : Restarting due to 21 class path changes (0 additions, 19 deletions, 2 modifications)
2026-07-11T18:51:01.812+05:30  INFO 13276 --- [       Thread-1] o.s.boot.tomcat.GracefulShutdown         : Commencing graceful shutdown. Waiting for active requests to complete
2026-07-11T18:51:01.824+05:30  INFO 13276 --- [tomcat-shutdown] o.s.boot.tomcat.GracefulShutdown         : Graceful shutdown complete
2026-07-11T18:51:01.830+05:30  INFO 13276 --- [       Thread-1] j.LocalContainerEntityManagerFactoryBean : Closing JPA EntityManagerFactory for persistence unit 'default'
2026-07-11T18:51:01.842+05:30  INFO 13276 --- [       Thread-1] com.zaxxer.hikari.HikariDataSource       : HikariPool-1 - Shutdown initiated...
2026-07-11T18:51:01.866+05:30  INFO 13276 --- [       Thread-1] com.zaxxer.hikari.HikariDataSource       : HikariPool-1 - Shutdown completed.

  .   ____          _            __ _ _
 /\\ / ___'_ __ _ _(_)_ __  __ _ \ \ \ \
( ( )\___ | '_ | '_| | '_ \/ _` | \ \ \ \
 \\/  ___)| |_)| | | | | || (_| |  ) ) ) )
  '  |____| .__|_| |_|_| |_\__, | / / / /
 =========|_|==============|___/=/_/_/_/

 :: Spring Boot ::                (v4.0.6)

2026-07-11T18:51:02.169+05:30  INFO 13276 --- [  restartedMain] com.Ram.backend.BackendApplication       : Starting BackendApplication using Java 21.0.10 with PID 13276 (C:\fullstack-learning-project\backend\target\classes started by admin in C:\fullstack-learning-project\backend)
2026-07-11T18:51:02.169+05:30  INFO 13276 --- [  restartedMain] com.Ram.backend.BackendApplication       : No active profile set, falling back to 1 default profile: "default"
2026-07-11T18:51:02.637+05:30  INFO 13276 --- [  restartedMain] .s.d.r.c.RepositoryConfigurationDelegate : Bootstrapping Spring Data JPA repositories in DEFAULT mode.
2026-07-11T18:51:02.643+05:30  INFO 13276 --- [  restartedMain] .s.d.r.c.RepositoryConfigurationDelegate : Finished Spring Data repository scanning in 1 ms. Found 0 JPA repository interfaces.
2026-07-11T18:51:02.805+05:30  INFO 13276 --- [  restartedMain] o.s.boot.tomcat.TomcatWebServer          : Tomcat initialized with port 8080 (http)
2026-07-11T18:51:02.808+05:30  INFO 13276 --- [  restartedMain] o.apache.catalina.core.StandardService   : Starting service [Tomcat]
2026-07-11T18:51:02.809+05:30  INFO 13276 --- [  restartedMain] o.apache.catalina.core.StandardEngine    : Starting Servlet engine: [Apache Tomcat/11.0.21]
2026-07-11T18:51:02.898+05:30  INFO 13276 --- [  restartedMain] b.w.c.s.WebApplicationContextInitializer : Root WebApplicationContext: initialization completed in 725 ms
2026-07-11T18:51:02.992+05:30  INFO 13276 --- [  restartedMain] org.hibernate.orm.jpa                    : HHH008540: Processing PersistenceUnitInfo [name: default]
2026-07-11T18:51:03.102+05:30  INFO 13276 --- [  restartedMain] o.s.o.j.p.SpringPersistenceUnitInfo      : No LoadTimeWeaver setup: ignoring JPA class transformer
2026-07-11T18:51:03.104+05:30  INFO 13276 --- [  restartedMain] com.zaxxer.hikari.HikariDataSource       : HikariPool-2 - Starting...
2026-07-11T18:51:03.110+05:30  INFO 13276 --- [  restartedMain] com.zaxxer.hikari.pool.HikariPool        : HikariPool-2 - Added connection com.mysql.cj.jdbc.ConnectionImpl@6b7f305
2026-07-11T18:51:03.112+05:30  INFO 13276 --- [  restartedMain] com.zaxxer.hikari.HikariDataSource       : HikariPool-2 - Start completed.
2026-07-11T18:51:03.116+05:30  WARN 13276 --- [  restartedMain] org.hibernate.orm.core                   : HHH000511: The 5.5.5 version for [org.hibernate.dialect.MariaDBDialect] is no longer supported, hence certain features may not work properly.The minimum supported version is 10.6.0. Check the community dialects project for available legacy versions.
2026-07-11T18:51:03.116+05:30  WARN 13276 --- [  restartedMain] org.hibernate.orm.deprecation            : HHH90000025: MariaDBDialect does not need to be specified explicitly using 'hibernate.dialect' (remove the property setting and it will be selected by default)
2026-07-11T18:51:03.117+05:30  INFO 13276 --- [  restartedMain] org.hibernate.orm.connections.pooling    : HHH10001005: Database info:
	Database JDBC URL [jdbc:mysql://127.0.0.1:3306/hostel_erp?createDatabaseIfNotExist=true]
	Database driver: MySQL Connector/J
	Database dialect: MariaDBDialect
	Database version: 5.5.5
	Default catalog/schema: hostel_erp/undefined
	Autocommit mode: undefined/unknown
	Isolation level: REPEATABLE_READ [default REPEATABLE_READ]
	JDBC fetch size: none
	Pool: DataSourceConnectionProvider
	Minimum pool size: undefined/unknown
	Maximum pool size: undefined/unknown
2026-07-11T18:51:03.172+05:30  INFO 13276 --- [  restartedMain] org.hibernate.orm.core                   : HHH000489: No JTA platform available (set 'hibernate.transaction.jta.platform' to enable JTA platform integration)
2026-07-11T18:51:03.175+05:30  INFO 13276 --- [  restartedMain] j.LocalContainerEntityManagerFactoryBean : Initialized JPA EntityManagerFactory for persistence unit 'default'
2026-07-11T18:51:03.270+05:30  WARN 13276 --- [  restartedMain] JpaBaseConfiguration$JpaWebConfiguration : spring.jpa.open-in-view is enabled by default. Therefore, database queries may be performed during view rendering. Explicitly configure spring.jpa.open-in-view to disable this warning
2026-07-11T18:51:03.499+05:30  INFO 13276 --- [  restartedMain] o.s.boot.tomcat.TomcatWebServer          : Tomcat started on port 8080 (http) with context path '/'
2026-07-11T18:51:03.507+05:30  INFO 13276 --- [  restartedMain] com.Ram.backend.BackendApplication       : Started BackendApplication in 1.404 seconds (process running for 876.42)
2026-07-11T18:51:03.511+05:30  INFO 13276 --- [  restartedMain] .ConditionEvaluationDeltaLoggingListener : Condition evaluation unchanged
2026-07-11T18:51:09.420+05:30  INFO 13276 --- [   File Watcher] rtingClassPathChangeChangedEventListener : Restarting due to 19 class path changes (19 additions, 0 deletions, 0 modifications)
2026-07-11T18:51:09.423+05:30  INFO 13276 --- [       Thread-5] o.s.boot.tomcat.GracefulShutdown         : Commencing graceful shutdown. Waiting for active requests to complete
2026-07-11T18:51:09.442+05:30  INFO 13276 --- [tomcat-shutdown] o.s.boot.tomcat.GracefulShutdown         : Graceful shutdown complete
2026-07-11T18:51:09.445+05:30  INFO 13276 --- [       Thread-5] j.LocalContainerEntityManagerFactoryBean : Closing JPA EntityManagerFactory for persistence unit 'default'
2026-07-11T18:51:09.448+05:30  INFO 13276 --- [       Thread-5] com.zaxxer.hikari.HikariDataSource       : HikariPool-2 - Shutdown initiated...
2026-07-11T18:51:09.454+05:30  INFO 13276 --- [       Thread-5] com.zaxxer.hikari.HikariDataSource       : HikariPool-2 - Shutdown completed.

  .   ____          _            __ _ _
 /\\ / ___'_ __ _ _(_)_ __  __ _ \ \ \ \
( ( )\___ | '_ | '_| | '_ \/ _` | \ \ \ \
 \\/  ___)| |_)| | | | | || (_| |  ) ) ) )
  '  |____| .__|_| |_|_| |_\__, | / / / /
 =========|_|==============|___/=/_/_/_/

 :: Spring Boot ::                (v4.0.6)

2026-07-11T18:51:09.841+05:30  INFO 13276 --- [  restartedMain] com.Ram.backend.BackendApplication       : Starting BackendApplication using Java 21.0.10 with PID 13276 (C:\fullstack-learning-project\backend\target\classes started by admin in C:\fullstack-learning-project\backend)
2026-07-11T18:51:09.842+05:30  INFO 13276 --- [  restartedMain] com.Ram.backend.BackendApplication       : No active profile set, falling back to 1 default profile: "default"
2026-07-11T18:51:10.809+05:30  INFO 13276 --- [  restartedMain] .s.d.r.c.RepositoryConfigurationDelegate : Bootstrapping Spring Data JPA repositories in DEFAULT mode.
2026-07-11T18:51:10.874+05:30  INFO 13276 --- [  restartedMain] .s.d.r.c.RepositoryConfigurationDelegate : Finished Spring Data repository scanning in 60 ms. Found 1 JPA repository interface.
2026-07-11T18:51:11.208+05:30  INFO 13276 --- [  restartedMain] o.s.boot.tomcat.TomcatWebServer          : Tomcat initialized with port 8080 (http)
2026-07-11T18:51:11.212+05:30  INFO 13276 --- [  restartedMain] o.apache.catalina.core.StandardService   : Starting service [Tomcat]
2026-07-11T18:51:11.212+05:30  INFO 13276 --- [  restartedMain] o.apache.catalina.core.StandardEngine    : Starting Servlet engine: [Apache Tomcat/11.0.21]
2026-07-11T18:51:11.351+05:30  INFO 13276 --- [  restartedMain] b.w.c.s.WebApplicationContextInitializer : Root WebApplicationContext: initialization completed in 1496 ms
2026-07-11T18:51:11.764+05:30  INFO 13276 --- [  restartedMain] org.hibernate.orm.jpa                    : HHH008540: Processing PersistenceUnitInfo [name: default]
2026-07-11T18:51:12.160+05:30  INFO 13276 --- [  restartedMain] o.s.o.j.p.SpringPersistenceUnitInfo      : No LoadTimeWeaver setup: ignoring JPA class transformer
2026-07-11T18:51:12.175+05:30  INFO 13276 --- [  restartedMain] com.zaxxer.hikari.HikariDataSource       : HikariPool-3 - Starting...
2026-07-11T18:51:12.206+05:30  INFO 13276 --- [  restartedMain] com.zaxxer.hikari.pool.HikariPool        : HikariPool-3 - Added connection com.mysql.cj.jdbc.ConnectionImpl@206cbbb5
2026-07-11T18:51:12.206+05:30  INFO 13276 --- [  restartedMain] com.zaxxer.hikari.HikariDataSource       : HikariPool-3 - Start completed.
2026-07-11T18:51:12.215+05:30  WARN 13276 --- [  restartedMain] org.hibernate.orm.core                   : HHH000511: The 5.5.5 version for [org.hibernate.dialect.MariaDBDialect] is no longer supported, hence certain features may not work properly.The minimum supported version is 10.6.0. Check the community dialects project for available legacy versions.
2026-07-11T18:51:12.217+05:30  WARN 13276 --- [  restartedMain] org.hibernate.orm.deprecation            : HHH90000025: MariaDBDialect does not need to be specified explicitly using 'hibernate.dialect' (remove the property setting and it will be selected by default)
2026-07-11T18:51:12.220+05:30  INFO 13276 --- [  restartedMain] org.hibernate.orm.connections.pooling    : HHH10001005: Database info:
	Database JDBC URL [jdbc:mysql://127.0.0.1:3306/hostel_erp?createDatabaseIfNotExist=true]
	Database driver: MySQL Connector/J
	Database dialect: MariaDBDialect
	Database version: 5.5.5
	Default catalog/schema: hostel_erp/undefined
	Autocommit mode: undefined/unknown
	Isolation level: REPEATABLE_READ [default REPEATABLE_READ]
	JDBC fetch size: none
	Pool: DataSourceConnectionProvider
	Minimum pool size: undefined/unknown
	Maximum pool size: undefined/unknown
2026-07-11T18:51:12.577+05:30  INFO 13276 --- [  restartedMain] org.hibernate.orm.core                   : HHH000489: No JTA platform available (set 'hibernate.transaction.jta.platform' to enable JTA platform integration)
2026-07-11T18:51:12.849+05:30  INFO 13276 --- [  restartedMain] j.LocalContainerEntityManagerFactoryBean : Initialized JPA EntityManagerFactory for persistence unit 'default'
2026-07-11T18:51:13.577+05:30  WARN 13276 --- [  restartedMain] JpaBaseConfiguration$JpaWebConfiguration : spring.jpa.open-in-view is enabled by default. Therefore, database queries may be performed during view rendering. Explicitly configure spring.jpa.open-in-view to disable this warning
2026-07-11T18:51:16.265+05:30  INFO 13276 --- [  restartedMain] o.s.boot.tomcat.TomcatWebServer          : Tomcat started on port 8080 (http) with context path '/'
2026-07-11T18:51:16.277+05:30  INFO 13276 --- [  restartedMain] com.Ram.backend.BackendApplication       : Started BackendApplication in 6.669 seconds (process running for 889.191)
Hibernate: select count(*) from users u1_0
2026-07-11T18:51:16.308+05:30  INFO 13276 --- [  restartedMain] .ConditionEvaluationDeltaLoggingListener : Condition evaluation unchanged
[INFO] ------------------------------------------------------------------------
[INFO] BUILD FAILURE
[INFO] ------------------------------------------------------------------------
[INFO] Total time:  16:01 min
[INFO] Finished at: 2026-07-11T18:52:25+05:30
[INFO] ------------------------------------------------------------------------
[ERROR] Failed to execute goal org.springframework.boot:spring-boot-maven-plugin:4.0.6:run (default-cli) on project hostel-management-api: Process terminated with exit code: 1 -> [Help 1]
[ERROR] 
[ERROR] To see the full stack trace of the errors, re-run Maven with the -e switch.
[ERROR] Re-run Maven using the -X switch to enable full debug logging.
[ERROR] 
[ERROR] For more information about the errors and possible solutions, please read the following articles:
[ERROR] [Help 1] http://cwiki.apache.org/confluence/display/MAVEN/MojoExecutionException
