[INFO] Scanning for projects...
[INFO] 
[INFO] -------------------< com.ram:hostel-management-api >--------------------
[INFO] Building Hostel Management API 0.0.1-SNAPSHOT
[INFO]   from pom.xml
[INFO] --------------------------------[ jar ]---------------------------------
[INFO] 
[INFO] >>> spring-boot:4.0.6:run (default-cli) > test-compile @ hostel-management-api >>>
[INFO] 
[INFO] --- kotlin:2.3.10:kapt (default-kapt) @ hostel-management-api ---
[INFO] No sources to compile
[INFO] 
[INFO] --- resources:3.3.1:resources (default-resources) @ hostel-management-api ---
[INFO] Copying 2 resources from src\main\resources to target\classes
[INFO] Copying 0 resource from src\main\resources to target\classes
[INFO] 
[INFO] --- kotlin:2.3.10:compile (default-compile) @ hostel-management-api ---
[INFO] No sources to compile
[INFO] 
[INFO] --- kotlin:2.3.10:compile (compile) @ hostel-management-api ---
[INFO] No sources to compile
[INFO] 
[INFO] --- compiler:3.14.1:compile (compile) @ hostel-management-api ---
[INFO] Nothing to compile - all classes are up to date.
[INFO] 
[INFO] --- kotlin:2.3.10:test-kapt (default-test-kapt) @ hostel-management-api ---
[INFO] No sources to compile
[INFO] 
[INFO] --- resources:3.3.1:testResources (default-testResources) @ hostel-management-api ---
[INFO] skip non existing resourceDirectory C:\Android-Hostel-Management-System\backend\src\test\resources
[INFO] 
[INFO] --- kotlin:2.3.10:test-compile (default-test-compile) @ hostel-management-api ---
[INFO] No sources to compile
[INFO] 
[INFO] --- kotlin:2.3.10:test-compile (test-compile) @ hostel-management-api ---
[INFO] No sources to compile
[INFO] 
[INFO] --- compiler:3.14.1:testCompile (testCompile) @ hostel-management-api ---
[INFO] Nothing to compile - all classes are up to date.
[INFO] 
[INFO] <<< spring-boot:4.0.6:run (default-cli) < test-compile @ hostel-management-api <<<
[INFO] 
[INFO] 
[INFO] --- spring-boot:4.0.6:run (default-cli) @ hostel-management-api ---
[INFO] Attaching agents: []

  .   ____          _            __ _ _
 /\\ / ___'_ __ _ _(_)_ __  __ _ \ \ \ \
( ( )\___ | '_ | '_| | '_ \/ _` | \ \ \ \
 \\/  ___)| |_)| | | | | || (_| |  ) ) ) )
  '  |____| .__|_| |_|_| |_\__, | / / / /
 =========|_|==============|___/=/_/_/_/

 :: Spring Boot ::                (v4.0.6)

2026-07-12T02:40:36.026+05:30  INFO 34316 --- [  restartedMain] com.Ram.backend.BackendApplication       : Starting BackendApplication using Java 17.0.12 with PID 34316 (C:\Android-Hostel-Management-System\backend\target\classes started by admin in C:\Android-Hostel-Management-System\backend)
2026-07-12T02:40:36.031+05:30  INFO 34316 --- [  restartedMain] com.Ram.backend.BackendApplication       : No active profile set, falling back to 1 default profile: "default"
2026-07-12T02:40:36.109+05:30  INFO 34316 --- [  restartedMain] .e.DevToolsPropertyDefaultsPostProcessor : Devtools property defaults active! Set 'spring.devtools.add-properties' to 'false' to disable
2026-07-12T02:40:36.109+05:30  INFO 34316 --- [  restartedMain] .e.DevToolsPropertyDefaultsPostProcessor : For additional web related logging consider setting the 'logging.level.web' property to 'DEBUG'
2026-07-12T02:40:37.089+05:30  INFO 34316 --- [  restartedMain] .s.d.r.c.RepositoryConfigurationDelegate : Bootstrapping Spring Data JPA repositories in DEFAULT mode.
2026-07-12T02:40:37.163+05:30  INFO 34316 --- [  restartedMain] .s.d.r.c.RepositoryConfigurationDelegate : Finished Spring Data repository scanning in 60 ms. Found 1 JPA repository interface.
2026-07-12T02:40:37.985+05:30  INFO 34316 --- [  restartedMain] o.s.boot.tomcat.TomcatWebServer          : Tomcat initialized with port 8080 (http)
2026-07-12T02:40:38.001+05:30  INFO 34316 --- [  restartedMain] o.apache.catalina.core.StandardService   : Starting service [Tomcat]
2026-07-12T02:40:38.001+05:30  INFO 34316 --- [  restartedMain] o.apache.catalina.core.StandardEngine    : Starting Servlet engine: [Apache Tomcat/11.0.21]
2026-07-12T02:40:38.069+05:30  INFO 34316 --- [  restartedMain] b.w.c.s.WebApplicationContextInitializer : Root WebApplicationContext: initialization completed in 1956 ms
2026-07-12T02:40:38.296+05:30  INFO 34316 --- [  restartedMain] org.hibernate.orm.jpa                    : HHH008540: Processing PersistenceUnitInfo [name: default]
2026-07-12T02:40:38.361+05:30  INFO 34316 --- [  restartedMain] org.hibernate.orm.core                   : HHH000001: Hibernate ORM core version 7.2.12.Final
2026-07-12T02:40:38.941+05:30  INFO 34316 --- [  restartedMain] o.s.o.j.p.SpringPersistenceUnitInfo      : No LoadTimeWeaver setup: ignoring JPA class transformer
2026-07-12T02:40:38.978+05:30  INFO 34316 --- [  restartedMain] com.zaxxer.hikari.HikariDataSource       : HikariPool-1 - Starting...
2026-07-12T02:40:39.194+05:30  INFO 34316 --- [  restartedMain] com.zaxxer.hikari.pool.HikariPool        : HikariPool-1 - Added connection com.mysql.cj.jdbc.ConnectionImpl@78c0eef1
2026-07-12T02:40:39.196+05:30  INFO 34316 --- [  restartedMain] com.zaxxer.hikari.HikariDataSource       : HikariPool-1 - Start completed.
2026-07-12T02:40:39.246+05:30  WARN 34316 --- [  restartedMain] org.hibernate.orm.core                   : HHH000511: The 5.5.5 version for [org.hibernate.dialect.MariaDBDialect] is no longer supported, hence certain features may not work properly.The minimum supported version is 10.6.0. Check the community dialects project for available legacy versions.
2026-07-12T02:40:39.252+05:30  WARN 34316 --- [  restartedMain] org.hibernate.orm.deprecation            : HHH90000025: MariaDBDialect does not need to be specified explicitly using 'hibernate.dialect' (remove the property setting and it will be selected by default)
2026-07-12T02:40:39.281+05:30  INFO 34316 --- [  restartedMain] org.hibernate.orm.connections.pooling    : HHH10001005: Database info:
	Database JDBC URL [jdbc:mysql://127.0.0.1:3306/hostel_erp?createDatabaseIfNotExist=true]
	Database driver: MySQL Connector/J
	Database dialect: MariaDBDialect
	Database version: 5.5.5
	Default catalog/schema: hostel_erp/undefined
	Autocommit mode: undefined/unknown
	Isolation level: REPEATABLE_READ [default REPEATABLE_READ]
	JDBC fetch size: none
	Pool: DataSourceConnectionProvider
	Minimum pool size: undefined/unknown
	Maximum pool size: undefined/unknown
2026-07-12T02:40:40.631+05:30  INFO 34316 --- [  restartedMain] org.hibernate.orm.core                   : HHH000489: No JTA platform available (set 'hibernate.transaction.jta.platform' to enable JTA platform integration)
2026-07-12T02:40:40.743+05:30  INFO 34316 --- [  restartedMain] j.LocalContainerEntityManagerFactoryBean : Initialized JPA EntityManagerFactory for persistence unit 'default'
2026-07-12T02:40:40.853+05:30  INFO 34316 --- [  restartedMain] o.s.d.j.r.query.QueryEnhancerFactories   : Hibernate is in classpath; If applicable, HQL parser will be used.
2026-07-12T02:40:41.083+05:30  WARN 34316 --- [  restartedMain] com.Ram.backend.config.FirebaseConfig    : Firebase service account file not found at src/main/resources/firebase-service-account.json. Social login and OTP will be disabled.
2026-07-12T02:40:41.221+05:30  WARN 34316 --- [  restartedMain] JpaBaseConfiguration$JpaWebConfiguration : spring.jpa.open-in-view is enabled by default. Therefore, database queries may be performed during view rendering. Explicitly configure spring.jpa.open-in-view to disable this warning
2026-07-12T02:40:41.321+05:30  WARN 34316 --- [  restartedMain] .s.a.UserDetailsServiceAutoConfiguration : 

Using generated security password: c69c4e4a-a4a1-4c80-b909-0039a80524bd

This generated password is for development use only. Your security configuration must be updated before running your application in production.

2026-07-12T02:40:41.336+05:30  INFO 34316 --- [  restartedMain] r$InitializeUserDetailsManagerConfigurer : Global AuthenticationManager configured with UserDetailsService bean with name inMemoryUserDetailsManager
2026-07-12T02:40:41.890+05:30  WARN 34316 --- [  restartedMain] ConfigServletWebServerApplicationContext : Exception encountered during context initialization - cancelling refresh attempt: org.springframework.context.ApplicationContextException: Failed to start bean 'webServerStartStop'
2026-07-12T02:40:41.892+05:30  INFO 34316 --- [  restartedMain] j.LocalContainerEntityManagerFactoryBean : Closing JPA EntityManagerFactory for persistence unit 'default'
2026-07-12T02:40:41.897+05:30  INFO 34316 --- [  restartedMain] com.zaxxer.hikari.HikariDataSource       : HikariPool-1 - Shutdown initiated...
2026-07-12T02:40:41.905+05:30  INFO 34316 --- [  restartedMain] com.zaxxer.hikari.HikariDataSource       : HikariPool-1 - Shutdown completed.
2026-07-12T02:40:41.916+05:30  INFO 34316 --- [  restartedMain] .s.b.a.l.ConditionEvaluationReportLogger : 

Error starting ApplicationContext. To display the condition evaluation report re-run your application with 'debug' enabled.
2026-07-12T02:40:41.937+05:30 ERROR 34316 --- [  restartedMain] o.s.b.d.LoggingFailureAnalysisReporter   : 

***************************
APPLICATION FAILED TO START
***************************

Description:

Web server failed to start. Port 8080 was already in use.

Action:

Identify and stop the process that's listening on port 8080 or configure this application to listen on another port.

[INFO] ------------------------------------------------------------------------
[INFO] BUILD SUCCESS
[INFO] ------------------------------------------------------------------------
[INFO] Total time:  16.333 s
[INFO] Finished at: 2026-07-12T02:40:42+05:30
[INFO] ------------------------------------------------------------------------
